[07:59:21] [main/INFO]: Environment: authHost='https://authserver.mojang.com', accountsHost='https://api.mojang.com', sessionHost='https://sessionserver.mojang.com', servicesHost='https://api.minecraftservices.com', name='PROD'
[07:59:22] [main/WARN]: Ambiguity between arguments [teleport, destination] and [teleport, targets] with inputs: [Player, 0123, @e, dd12be42-52a9-4a91-a8a1-11c01849e498]
[07:59:22] [main/WARN]: Ambiguity between arguments [teleport, location] and [teleport, destination] with inputs: [0.1 -0.5 .9, 0 0 0]
[07:59:22] [main/WARN]: Ambiguity between arguments [teleport, location] and [teleport, targets] with inputs: [0.1 -0.5 .9, 0 0 0]
[07:59:22] [main/WARN]: Ambiguity between arguments [teleport, targets] and [teleport, destination] with inputs: [Player, 0123, dd12be42-52a9-4a91-a8a1-11c01849e498]
[07:59:22] [main/WARN]: Ambiguity between arguments [teleport, targets, location] and [teleport, targets, destination] with inputs: [0.1 -0.5 .9, 0 0 0]
[07:59:22] [main/INFO]: Reloading ResourceManager: Default
[07:59:23] [Worker-Main-2/INFO]: Loaded 7 recipes
[07:59:23] [Worker-Main-2/INFO]: Loaded 927 advancements
[07:59:25] [Server thread/INFO]: Starting minecraft server version 1.16.5
[07:59:25] [Server thread/INFO]: Loading properties
[07:59:25] [Server thread/WARN]: You specified a resource pack without providing a sha1 hash. Pack will be updated on the client only if you change the name of the pack.
[07:59:25] [Server thread/INFO]: Default game type: SURVIVAL
[07:59:25] [Server thread/INFO]: Generating keypair
[07:59:26] [Server thread/INFO]: Starting Minecraft server on *:25565
[07:59:26] [Server thread/INFO]: Using epoll channel type
[07:59:26] [Server thread/WARN]: **** SERVER IS RUNNING IN OFFLINE/INSECURE MODE!
[07:59:26] [Server thread/WARN]: The server will make no attempt to authenticate usernames. Beware.
[07:59:26] [Server thread/WARN]: While this makes the game possible to play without internet access, it also opens up the ability for hackers to connect with any username they choose.
[07:59:26] [Server thread/WARN]: To change this, set "online-mode" to "true" in the server.properties file.
[07:59:26] [Server thread/INFO]: Preparing level "world"
[07:59:26] [Server thread/INFO]: Preparing start region for dimension minecraft:overworld
[07:59:27] [Server thread/INFO]: Preparing spawn area: 0%
[07:59:27] [Server thread/INFO]: Preparing spawn area: 0%
[07:59:27] [Server thread/INFO]: Preparing spawn area: 0%
[07:59:27] [Server thread/INFO]: Preparing spawn area: 0%
[07:59:28] [Server thread/INFO]: Preparing spawn area: 46%
[07:59:28] [Server thread/INFO]: Time elapsed: 2570 ms
[07:59:28] [Server thread/INFO]: Done (2.702s)! For help, type "help"
[07:59:34] [Server thread/INFO]: omg_rahul[/182.70.186.5:52436] logged in with entity id 103 at (595.4348427244746, 71.0, -992.0588583624407)
[07:59:34] [Server thread/INFO]: omg_rahul joined the game
[08:00:28] [Server thread/INFO]: omg_rahul lost connection: Disconnected
[08:00:28] [Server thread/INFO]: omg_rahul left the game
[08:00:41] [Server thread/INFO]: Stopping the server
[08:00:41] [Server thread/INFO]: Stopping server
[08:00:41] [Server thread/INFO]: Saving players
[08:00:41] [Server thread/INFO]: Saving worlds
[08:00:41] [Server thread/INFO]: Saving chunks for level 'ServerLevel[world]'/minecraft:overworld
[08:00:43] [Server thread/INFO]: ThreadedAnvilChunkStorage (world): All chunks are saved
[08:00:43] [Server thread/INFO]: Saving chunks for level 'ServerLevel[world]'/minecraft:the_nether
[08:00:43] [Server thread/INFO]: ThreadedAnvilChunkStorage (DIM-1): All chunks are saved
[08:00:43] [Server thread/INFO]: Saving chunks for level 'ServerLevel[world]'/minecraft:the_end
[08:00:43] [Server thread/INFO]: ThreadedAnvilChunkStorage (DIM1): All chunks are saved
[08:00:43] [Server thread/INFO]: ThreadedAnvilChunkStorage (world): All chunks are saved
[08:00:43] [Server thread/INFO]: ThreadedAnvilChunkStorage (DIM-1): All chunks are saved
[08:00:43] [Server thread/INFO]: ThreadedAnvilChunkStorage (DIM1): All chunks are saved
